Arguments: 
  /Users/pablo/.nvm/versions/node/v16.16.0/bin/node /opt/homebrew/bin/yarn

PATH: 
  /Users/pablo/.nvm/versions/node/v16.16.0/bin:/opt/homebrew/bin:/opt/homebrew/sbin:/usr/local/bin:/usr/bin:/bin:/usr/sbin:/sbin:/Users/pablo/.nvm/versions/node/v16.16.0/bin:/opt/homebrew/bin:/opt/homebrew/sbin:/Users/pablo/.foundry/bin:/Users/pablo/Library/Python/3.8/bin:/Users/pablo/.foundry/bin:/Users/pablo/Library/Python/3.8/bin

Yarn version: 
  1.22.19

Node version: 
  16.16.0

Platform: 
  darwin arm64

Trace: 
  Error: https://registry.yarnpkg.com/@babelreset-react: Request "https://registry.yarnpkg.com/@babelreset-react" returned a 405
      at Request.params.callback [as _callback] (/opt/homebrew/lib/node_modules/yarn/lib/cli.js:66154:18)
      at Request.self.callback (/opt/homebrew/lib/node_modules/yarn/lib/cli.js:140890:22)
      at Request.emit (node:events:527:28)
      at Request.<anonymous> (/opt/homebrew/lib/node_modules/yarn/lib/cli.js:141862:10)
      at Request.emit (node:events:527:28)
      at IncomingMessage.<anonymous> (/opt/homebrew/lib/node_modules/yarn/lib/cli.js:141784:12)
      at Object.onceWrapper (node:events:641:28)
      at IncomingMessage.emit (node:events:539:35)
      at endReadableNT (node:internal/streams/readable:1345:12)
      at processTicksAndRejections (node:internal/process/task_queues:83:21)

npm manifest: 
  {
    "name": "web3card",
    "version": "1.0.0",
    "description": "A React SDK for querying and displaying universal profiles across platforms",
    "main": "src/index.js",
    "scripts": {
      "start": "webpack serve --mode development --open --hot",
      "build": "webpack --mode production"
    },
    "keywords": [
      "web3",
      "react",
      "sdk",
      "universal",
      "profile"
    ],
    "author": "call me by your name",
    "license": "MIT",
    "dependencies": {
      "react": "^17.0.2",
      "react-dom": "^17.0.2",
      "axios": "^0.21.1",
      "prop-types": "^15.7.2"
    },
    "devDependencies": {
      "@babelreset-react": "^7.14.5",
      "babel-loader": "^8.2.2",
      "css-loader": "^5.2.6",
      "html-webpack-plugin": "^5.3.1",
      "style-loader": "^2.0.0",
      "webpack": "^5.39.1",
      "webpack-cli": "^4.7.2",
      "webpack-dev-server": "^3.11.2"
    }
  }

yarn manifest: 
  No manifest

Lockfile: 
  No lockfile
